<?xml version="1.0" encoding="UTF-8"?>
<!-- Generated by org.testng.reporters.JUnitReportReporter -->
<testsuite hostname="huys-mbp-2.lan" failures="0" tests="2" name="test.global.RegisterPageTest" time="21.697" errors="0" timestamp="2022-03-03T23:15:03 PST" skipped="0">
  <testcase classname="test.global.RegisterPageTest" name="testHeaderComponent" time="12.286"/>
  <system-out/>
  <testcase classname="test.global.RegisterPageTest" name="testFooterComponent" time="9.411"/>
  <system-out/>
</testsuite> <!-- test.global.RegisterPageTest -->
