<?xml version="1.0" encoding="UTF-8"?>
<!-- Generated by org.testng.reporters.JUnitReportReporter -->
<testsuite hostname="huys-mbp-2.lan" failures="0" tests="2" name="test.SignupTest" time="0.001" errors="0" timestamp="2022-01-27T23:54:25 PST" skipped="0">
  <testcase classname="test.SignupTest" name="signUpM02" time="0.000"/>
  <system-out/>
  <testcase classname="test.SignupTest" name="signUpM01" time="0.001"/>
  <system-out/>
</testsuite> <!-- test.SignupTest -->
