<?xml version="1.0" encoding="UTF-8"?>
<!-- Generated by org.testng.reporters.JUnitReportReporter -->
<testsuite hostname="huys-mbp-2.lan" failures="0" tests="1" name="test.TestLoginPage" time="1.900" errors="0" timestamp="2022-01-27T23:54:25 PST" skipped="0">
  <testcase classname="test.TestLoginPage" name="loginWithCorrectCreds" time="1.900"/>
  <system-out/>
</testsuite> <!-- test.TestLoginPage -->
