<?xml version="1.0" encoding="UTF-8"?>
<!-- Generated by org.testng.reporters.JUnitReportReporter -->
<testsuite hostname="huys-mbp-2.lan" failures="0" tests="3" name="test.LoginTest" time="6.444" errors="0" timestamp="2022-02-07T23:31:52 PST" skipped="0">
  <testcase classname="test.LoginTest" name="loginWithIncorrectCreds" time="5.269"/>
  <system-out/>
  <testcase classname="test.LoginTest" name="loginWithIncorrectCreds" time="0.551"/>
  <system-out/>
  <testcase classname="test.LoginTest" name="loginWithcorrectCreds" time="0.624"/>
  <system-out/>
</testsuite> <!-- test.LoginTest -->
